Release 14.5 - xst P.58f (nt64)
Copyright (c) 1995-2012 Xilinx, Inc.  All rights reserved.
--> Parameter TMPDIR set to xst/projnav.tmp


Total REAL time to Xst completion: 0.00 secs
Total CPU time to Xst completion: 0.22 secs
 
--> Parameter xsthdpdir set to xst


Total REAL time to Xst completion: 0.00 secs
Total CPU time to Xst completion: 0.22 secs
 
--> Reading design: datamodule.prj

TABLE OF CONTENTS
  1) Synthesis Options Summary
  2) HDL Compilation
  3) Design Hierarchy Analysis
  4) HDL Analysis
  5) HDL Synthesis
     5.1) HDL Synthesis Report
  6) Advanced HDL Synthesis
     6.1) Advanced HDL Synthesis Report
  7) Low Level Synthesis
  8) Partition Report
  9) Final Report
	9.1) Device utilization summary
	9.2) Partition Resource Summary
	9.3) TIMING REPORT


=========================================================================
*                      Synthesis Options Summary                        *
=========================================================================
---- Source Parameters
Input File Name                    : "datamodule.prj"
Input Format                       : mixed
Ignore Synthesis Constraint File   : NO

---- Target Parameters
Output File Name                   : "datamodule"
Output Format                      : NGC
Target Device                      : xc3s100e-4-cp132

---- Source Options
Top Module Name                    : datamodule
Automatic FSM Extraction           : YES
FSM Encoding Algorithm             : Auto
Safe Implementation                : No
FSM Style                          : LUT
RAM Extraction                     : Yes
RAM Style                          : Auto
ROM Extraction                     : Yes
Mux Style                          : Auto
Decoder Extraction                 : YES
Priority Encoder Extraction        : Yes
Shift Register Extraction          : YES
Logical Shifter Extraction         : YES
XOR Collapsing                     : YES
ROM Style                          : Auto
Mux Extraction                     : Yes
Resource Sharing                   : YES
Asynchronous To Synchronous        : NO
Multiplier Style                   : Auto
Automatic Register Balancing       : No

---- Target Options
Add IO Buffers                     : YES
Global Maximum Fanout              : 100000
Add Generic Clock Buffer(BUFG)     : 24
Register Duplication               : YES
Slice Packing                      : YES
Optimize Instantiated Primitives   : NO
Use Clock Enable                   : Yes
Use Synchronous Set                : Yes
Use Synchronous Reset              : Yes
Pack IO Registers into IOBs        : Auto
Equivalent register Removal        : YES

---- General Options
Optimization Goal                  : Speed
Optimization Effort                : 1
Keep Hierarchy                     : No
Netlist Hierarchy                  : As_Optimized
RTL Output                         : Yes
Global Optimization                : AllClockNets
Read Cores                         : YES
Write Timing Constraints           : NO
Cross Clock Analysis               : NO
Hierarchy Separator                : /
Bus Delimiter                      : <>
Case Specifier                     : Maintain
Slice Utilization Ratio            : 100
BRAM Utilization Ratio             : 100
Verilog 2001                       : YES
Auto BRAM Packing                  : NO
Slice Utilization Ratio Delta      : 5

=========================================================================


=========================================================================
*                          HDL Compilation                              *
=========================================================================
Compiling verilog file "datamodule.v" in library work
Module <datamodule> compiled
No errors in compilation
Analysis of file <"datamodule.prj"> succeeded.
 

=========================================================================
*                     Design Hierarchy Analysis                         *
=========================================================================
Analyzing hierarchy for module <datamodule> in library <work>.


=========================================================================
*                            HDL Analysis                               *
=========================================================================
Analyzing top module <datamodule>.
WARNING:Xst:905 - "datamodule.v" line 37: One or more signals are missing in the sensitivity list of always block. To enable synthesis of FPGA/CPLD hardware, XST will assume that all necessary signals are present in the sensitivity list. Please note that the result of the synthesis may differ from the initial design specification. The missing signals are:
   <bits>
Module <datamodule> is correct for synthesis.
 

=========================================================================
*                           HDL Synthesis                               *
=========================================================================

Performing bidirectional port resolution...

Synthesizing Unit <datamodule>.
    Related source file is "datamodule.v".
WARNING:Xst:647 - Input <inst<31:26>> is never used. This port will be preserved and left unconnected if it belongs to a top-level block or it belongs to a sub-block and the hierarchy of this sub-block is preserved.
WARNING:Xst:647 - Input <inst<23:8>> is never used. This port will be preserved and left unconnected if it belongs to a top-level block or it belongs to a sub-block and the hierarchy of this sub-block is preserved.
WARNING:Xst:647 - Input <inst<3:0>> is never used. This port will be preserved and left unconnected if it belongs to a top-level block or it belongs to a sub-block and the hierarchy of this sub-block is preserved.
WARNING:Xst:653 - Signal <bits> is used but never assigned. This sourceless signal will be automatically connected to value 00.
INFO:Xst:2117 - HDL ADVISOR - Mux Selector <bits> of Case statement line 38 was re-encoded using one-hot encoding. The case statement will be optimized (default statement optimization), but this optimization may lead to design initialization problems. To ensure the design works safely, you can:
   	- add an 'INIT' attribute on signal <bits> (optimization is then done without any risk)
   	- use the attribute 'signal_encoding user' to avoid onehot optimization
   	- use the attribute 'safe_implementation yes' to force XST to perform a safe (but less efficient) optimization
WARNING:Xst:737 - Found 3-bit latch for signal <datainstype>. Latches may be generated from incomplete case or if statements. We do not recommend the use of latches in FPGA/CPLD designs, as they may lead to timing problems.
    Using one-hot encoding for signal <bits>.
Unit <datamodule> synthesized.


=========================================================================
HDL Synthesis Report

Macro Statistics
# Latches                                              : 1
 3-bit latch                                           : 1

=========================================================================

=========================================================================
*                       Advanced HDL Synthesis                          *
=========================================================================

WARNING:Xst:1294 - Latch <0> is equivalent to a wire in block <0>.
WARNING:Xst:1294 - Latch <0> is equivalent to a wire in block <1>.
WARNING:Xst:1294 - Latch <0> is equivalent to a wire in block <2>.

=========================================================================
Advanced HDL Synthesis Report

Macro Statistics
# Latches                                              : 1
 3-bit latch                                           : 1

=========================================================================

=========================================================================
*                         Low Level Synthesis                           *
=========================================================================
WARNING:Xst:1294 - Latch <datainstype_0> is equivalent to a wire in block <datamodule>.
WARNING:Xst:1294 - Latch <datainstype_1> is equivalent to a wire in block <datamodule>.
WARNING:Xst:1294 - Latch <datainstype_2> is equivalent to a wire in block <datamodule>.

Optimizing unit <datamodule> ...

Mapping all equations...
Building and optimizing final netlist ...
Found area constraint ratio of 100 (+ 5) on block datamodule, actual ratio is 0.

Final Macro Processing ...

=========================================================================
Final Register Report

Found no macro
=========================================================================

=========================================================================
*                           Partition Report                            *
=========================================================================

Partition Implementation Status
-------------------------------

  No Partitions were found in this design.

-------------------------------

=========================================================================
*                            Final Report                               *
=========================================================================
Final Results
RTL Top Level Output File Name     : datamodule.ngr
Top Level Output File Name         : datamodule
Output Format                      : NGC
Optimization Goal                  : Speed
Keep Hierarchy                     : No

Design Statistics
# IOs                              : 37

Cell Usage :
# BELS                             : 6
#      GND                         : 1
#      LUT3                        : 3
#      LUT4                        : 1
#      VCC                         : 1
# IO Buffers                       : 11
#      IBUF                        : 6
#      OBUF                        : 5
=========================================================================

Device utilization summary:
---------------------------

Selected Device : 3s100ecp132-4 

 Number of Slices:                        2  out of    960     0%  
 Number of 4 input LUTs:                  4  out of   1920     0%  
 Number of IOs:                          37
 Number of bonded IOBs:                  11  out of     83    13%  

---------------------------
Partition Resource Summary:
---------------------------

  No Partitions were found in this design.

---------------------------


=========================================================================
TIMING REPORT

NOTE: THESE TIMING NUMBERS ARE ONLY A SYNTHESIS ESTIMATE.
      FOR ACCURATE TIMING INFORMATION PLEASE REFER TO THE TRACE REPORT
      GENERATED AFTER PLACE-and-ROUTE.

Clock Information:
------------------
No clock signals found in this design

Asynchronous Control Signals Information:
----------------------------------------
No asynchronous control signals found in this design

Timing Summary:
---------------
Speed Grade: -4

   Minimum period: No path found
   Minimum input arrival time before clock: No path found
   Maximum output required time after clock: No path found
   Maximum combinational path delay: 7.352ns

Timing Detail:
--------------
All values displayed in nanoseconds (ns)

=========================================================================
Timing constraint: Default path analysis
  Total number of paths / destination ports: 12 / 3
-------------------------------------------------------------------------
Delay:               7.352ns (Levels of Logic = 4)
  Source:            inst<25> (PAD)
  Destination:       datainstype<2> (PAD)

  Data Path: inst<25> to datainstype<2>
                                Gate     Net
    Cell:in->out      fanout   Delay   Delay  Logical Name (Net Name)
    ----------------------------------------  ------------
     IBUF:I->O             3   1.218   0.610  inst_25_IBUF (inst_25_IBUF)
     LUT3:I1->O            1   0.704   0.424  datainstype_mux0000<0>_SW0 (N1)
     LUT4:I3->O            1   0.704   0.420  datainstype_mux0000<0> (datainstype_2_OBUF)
     OBUF:I->O                 3.272          datainstype_2_OBUF (datainstype<2>)
    ----------------------------------------
    Total                      7.352ns (5.898ns logic, 1.454ns route)
                                       (80.2% logic, 19.8% route)

=========================================================================


Total REAL time to Xst completion: 6.00 secs
Total CPU time to Xst completion: 6.13 secs
 
--> 

Total memory usage is 4455884 kilobytes

Number of errors   :    0 (   0 filtered)
Number of warnings :   12 (   0 filtered)
Number of infos    :    1 (   0 filtered)

